生成启动时间为 2015/1/19 10:26:53。
     1>项目“F:\work\OceanCS-s- c\Direct3D\Source\OceanCS\OceanCS_2008.vcxproj”在节点 2 上(build 个目标)。
     1>InitializeBuildStatus:
         正在创建“..\..\Temp\Debug\OceanCS\OceanCS.unsuccessfulbuild”，因为已指定“AlwaysCreate”。
       ClCompile:
         C:\Program Files (x86)\Microsoft Visual Studio 10.0\VC\bin\CL.exe /c /I..\..\Include\DXUT\Core /I..\..\Include\DXUT\Optional /ZI /nologo /W4 /WX- /Od /Oy- /D WIN32 /D _DEBUG /D DEBUG /D PROFILE /D _WINDOWS /D _VC80_UPGRADE=0x0710 /D _UNICODE /D UNICODE /Gm /EHsc /MDd /GS /arch:SSE2 /fp:fast /Zc:wchar_t /Zc:forScope /Yc"DXUT.h" /Fp"..\..\Temp\Debug\OceanCS\OceanCS.pch" /Fo"..\..\Temp\Debug\OceanCS\\" /Fd"..\..\Temp\Debug\OceanCS\vc100.pdb" /Gd /TP /analyze- /errorReport:prompt ..\Common\DXUT\Core\DXUT.cpp
         DXUT.cpp
         C:\Program Files (x86)\Microsoft Visual Studio 10.0\VC\bin\CL.exe /c /I..\..\Include\DXUT\Core /I..\..\Include\DXUT\Optional /ZI /nologo /W4 /WX- /Od /Oy- /D WIN32 /D _DEBUG /D DEBUG /D PROFILE /D _WINDOWS /D _VC80_UPGRADE=0x0710 /D _UNICODE /D UNICODE /Gm /EHsc /MDd /GS /arch:SSE2 /fp:fast /Zc:wchar_t /Zc:forScope /Yu"DXUT.h" /Fp"..\..\Temp\Debug\OceanCS\OceanCS.pch" /Fo"..\..\Temp\Debug\OceanCS\\" /Fd"..\..\Temp\Debug\OceanCS\vc100.pdb" /Gd /TP /analyze- /errorReport:prompt ..\Common\DXUT\Core\DXUTDevice11.cpp ..\Common\DXUT\Core\DXUTDevice9.cpp ..\Common\DXUT\Core\DXUTmisc.cpp ..\Common\DXUT\Optional\DXUTcamera.cpp ..\Common\DXUT\Optional\DXUTgui.cpp ..\Common\DXUT\Optional\DXUTres.cpp ..\Common\DXUT\Optional\DXUTsettingsdlg.cpp ..\Common\DXUT\Optional\SDKmisc.cpp ParticleSystem.cpp d3dUtil.cpp main.cpp ocean_simulator.cpp rain.cpp render.cpp skybox11.cpp
         正在跳过...(未检测到相关更改)
         skybox11.cpp
         render.cpp
         rain.cpp
         ocean_simulator.cpp
         main.cpp
         d3dUtil.cpp
         ParticleSystem.cpp
         SDKmisc.cpp
         DXUTsettingsdlg.cpp
         DXUTres.cpp
         DXUTgui.cpp
         DXUTcamera.cpp
         DXUTmisc.cpp
         DXUTDevice9.cpp
         DXUTDevice11.cpp
         C:\Program Files (x86)\Microsoft Visual Studio 10.0\VC\bin\CL.exe /c /I..\..\Include\DXUT\Core /I..\..\Include\DXUT\Optional /ZI /nologo /W4 /WX- /Od /Oy- /D WIN32 /D _DEBUG /D DEBUG /D PROFILE /D _WINDOWS /D _VC80_UPGRADE=0x0710 /D _UNICODE /D UNICODE /Gm /EHsc /MDd /GS /arch:SSE2 /fp:fast /Zc:wchar_t /Zc:forScope /Fo"..\..\Temp\Debug\OceanCS\\" /Fd"..\..\Temp\Debug\OceanCS\vc100.pdb" /Gd /TP /analyze- /errorReport:prompt CSFFT\fft_512x512_c2c.cpp
         正在跳过...(未检测到相关更改)
         fft_512x512_c2c.cpp
       ResourceCompile:
         所有输出均为最新。
       ManifestResourceCompile:
         所有输出均为最新。
       Link:
         C:\Program Files (x86)\Microsoft Visual Studio 10.0\VC\bin\link.exe /ERRORREPORT:PROMPT /OUT:"..\..\Bin\OceanCS.exe" /INCREMENTAL /NOLOGO /LIBPATH:..\..\lib d3dcompiler.lib dxerr.lib dxguid.lib d3dx9d.lib d3d9.lib winmm.lib comctl32.lib d3dx11.lib Effects11d.lib kernel32.lib user32.lib gdi32.lib winspool.lib comdlg32.lib advapi32.lib shell32.lib ole32.lib oleaut32.lib uuid.lib odbc32.lib odbccp32.lib /MANIFEST /ManifestFile:"..\..\Temp\Debug\OceanCS\OceanCS.exe.intermediate.manifest" /MANIFESTUAC:"level='asInvoker' uiAccess='false'" /DEBUG /PDB:"F:\work\OceanCS-s- c\Direct3D\Bin\OceanCS.pdb" /SUBSYSTEM:WINDOWS /LARGEADDRESSAWARE /TLBID:1 /DYNAMICBASE:NO /IMPLIB:"..\..\Bin\OceanCS.lib" /MACHINE:X86 ..\..\Temp\Debug\OceanCS\OceanCS.res
         ..\..\Temp\Debug\OceanCS\OceanCS.exe.embed.manifest.res
         ..\..\Temp\Debug\OceanCS\DXUT.obj
         ..\..\Temp\Debug\OceanCS\DXUTDevice11.obj
         ..\..\Temp\Debug\OceanCS\DXUTDevice9.obj
         ..\..\Temp\Debug\OceanCS\DXUTmisc.obj
         ..\..\Temp\Debug\OceanCS\fft_512x512_c2c.obj
         ..\..\Temp\Debug\OceanCS\DXUTcamera.obj
         ..\..\Temp\Debug\OceanCS\DXUTgui.obj
         ..\..\Temp\Debug\OceanCS\DXUTres.obj
         ..\..\Temp\Debug\OceanCS\DXUTsettingsdlg.obj
         ..\..\Temp\Debug\OceanCS\SDKmisc.obj
         ..\..\Temp\Debug\OceanCS\d3dUtil.obj
         ..\..\Temp\Debug\OceanCS\main.obj
         ..\..\Temp\Debug\OceanCS\ocean_simulator.obj
         ..\..\Temp\Debug\OceanCS\ParticleSystem.obj
         ..\..\Temp\Debug\OceanCS\rain.obj
         ..\..\Temp\Debug\OceanCS\render.obj
         ..\..\Temp\Debug\OceanCS\skybox11.obj /IGNORE:4089 
       Manifest:
         C:\Program Files (x86)\Microsoft SDKs\Windows\v7.0A\bin\mt.exe /nologo /verbose /out:"..\..\Temp\Debug\OceanCS\OceanCS.exe.embed.manifest" /manifest ..\..\Temp\Debug\OceanCS\OceanCS.exe.intermediate.manifest
         所有输出均为最新。
       LinkEmbedManifest:
         所有输出均为最新。
         OceanCS_2008.vcxproj -> F:\work\OceanCS-s- c\Direct3D\Source\OceanCS\..\..\Bin\OceanCS.exe
       FinalizeBuildStatus:
         正在删除文件“..\..\Temp\Debug\OceanCS\OceanCS.unsuccessfulbuild”。
         正在对“..\..\Temp\Debug\OceanCS\OceanCS.lastbuildstate”执行 Touch 任务。
     1>已完成生成项目“F:\work\OceanCS-s- c\Direct3D\Source\OceanCS\OceanCS_2008.vcxproj”(build 个目标)的操作。

生成成功。

已用时间 00:00:08.76
